2025-06-06 22:15:18,933 - INFO - q_learning_agent.py:__init__ - : Frozen Lake environment creation.. in C:\Development\Python\AI\ReinforcementLearning\PyData2025-Presentation\repo\Hands-on-workshop-on-Reinforcement-Learning-Pydata2025\demos\cart-pole\src\main\rl_agents\q_learning_agent.py:51
2025-06-06 22:15:18,934 - INFO - q_learning_agent.py:__init__ - : Observation space: 4 in C:\Development\Python\AI\ReinforcementLearning\PyData2025-Presentation\repo\Hands-on-workshop-on-Reinforcement-Learning-Pydata2025\demos\cart-pole\src\main\rl_agents\q_learning_agent.py:52
2025-06-06 22:15:18,940 - INFO - q_learning_agent.py:__init__ - : Action space: 2 in C:\Development\Python\AI\ReinforcementLearning\PyData2025-Presentation\repo\Hands-on-workshop-on-Reinforcement-Learning-Pydata2025\demos\cart-pole\src\main\rl_agents\q_learning_agent.py:53
2025-06-06 22:15:18,941 - INFO - q_learning_agent.py:__init__ - : RL hyperparameters are:
                  
alpha: 0.1
                  
epsilon: 1.0
                  
epsilon_decay: 0.995
                  
min_epsilon: 0.01
 in C:\Development\Python\AI\ReinforcementLearning\PyData2025-Presentation\repo\Hands-on-workshop-on-Reinforcement-Learning-Pydata2025\demos\cart-pole\src\main\rl_agents\q_learning_agent.py:54
2025-06-06 22:15:34,556 - INFO - q_learning_agent.py:__init__ - : Frozen Lake environment creation.. in C:\Development\Python\AI\ReinforcementLearning\PyData2025-Presentation\repo\Hands-on-workshop-on-Reinforcement-Learning-Pydata2025\demos\cart-pole\src\main\rl_agents\q_learning_agent.py:51
2025-06-06 22:15:34,556 - INFO - q_learning_agent.py:__init__ - : Observation space: 4 in C:\Development\Python\AI\ReinforcementLearning\PyData2025-Presentation\repo\Hands-on-workshop-on-Reinforcement-Learning-Pydata2025\demos\cart-pole\src\main\rl_agents\q_learning_agent.py:52
2025-06-06 22:15:34,556 - INFO - q_learning_agent.py:__init__ - : Action space: 2 in C:\Development\Python\AI\ReinforcementLearning\PyData2025-Presentation\repo\Hands-on-workshop-on-Reinforcement-Learning-Pydata2025\demos\cart-pole\src\main\rl_agents\q_learning_agent.py:53
2025-06-06 22:15:34,557 - INFO - q_learning_agent.py:__init__ - : RL hyperparameters are:
                  
alpha: 0.1
                  
epsilon: 1.0
                  
epsilon_decay: 0.995
                  
min_epsilon: 0.01
 in C:\Development\Python\AI\ReinforcementLearning\PyData2025-Presentation\repo\Hands-on-workshop-on-Reinforcement-Learning-Pydata2025\demos\cart-pole\src\main\rl_agents\q_learning_agent.py:54
2025-06-06 23:53:03,575 - INFO - dqn_algorithm.py:__init__ - : Start of Reinforcement learning for environment: CARTPOLE-V0 in C:\Development\Python\AI\ReinforcementLearning\PyData2025-Presentation\repo\Hands-on-workshop-on-Reinforcement-Learning-Pydata2025\demos\cart-pole\src\main\rl_algorithms\train_evaluate_test\dqn_algorithm.py:47
2025-06-06 23:53:03,576 - INFO - dqn_algorithm.py:__init__ - : This RL environment uses a DQN RL algorithm agent in C:\Development\Python\AI\ReinforcementLearning\PyData2025-Presentation\repo\Hands-on-workshop-on-Reinforcement-Learning-Pydata2025\demos\cart-pole\src\main\rl_algorithms\train_evaluate_test\dqn_algorithm.py:48
2025-06-06 23:53:03,576 - INFO - base_algorithms.py:hyper_parameters - : Training is using non-tuned hyperparameters... in C:\Development\Python\AI\ReinforcementLearning\PyData2025-Presentation\repo\Hands-on-workshop-on-Reinforcement-Learning-Pydata2025\demos\cart-pole\src\main\rl_algorithms\train_evaluate_test\base_algorithms.py:116
2025-06-06 23:53:03,576 - INFO - base_algorithms.py:hyper_parameters - : Hyperparameters are:
{'gamma': 0.9999, 'learning_rate': 0.0005, 'batch_size': 128, 'policy_kwargs': {'net_arch': [64, 64]}} in C:\Development\Python\AI\ReinforcementLearning\PyData2025-Presentation\repo\Hands-on-workshop-on-Reinforcement-Learning-Pydata2025\demos\cart-pole\src\main\rl_algorithms\train_evaluate_test\base_algorithms.py:117
2025-06-06 23:53:34,438 - INFO - dqn_algorithm.py:__init__ - : Start of Reinforcement learning for environment: CARTPOLE-V0 in C:\Development\Python\AI\ReinforcementLearning\PyData2025-Presentation\repo\Hands-on-workshop-on-Reinforcement-Learning-Pydata2025\demos\cart-pole\src\main\rl_algorithms\train_evaluate_test\dqn_algorithm.py:47
2025-06-06 23:53:34,439 - INFO - dqn_algorithm.py:__init__ - : This RL environment uses a DQN RL algorithm agent in C:\Development\Python\AI\ReinforcementLearning\PyData2025-Presentation\repo\Hands-on-workshop-on-Reinforcement-Learning-Pydata2025\demos\cart-pole\src\main\rl_algorithms\train_evaluate_test\dqn_algorithm.py:48
2025-06-06 23:53:34,440 - INFO - base_algorithms.py:hyper_parameters - : Training is using non-tuned hyperparameters... in C:\Development\Python\AI\ReinforcementLearning\PyData2025-Presentation\repo\Hands-on-workshop-on-Reinforcement-Learning-Pydata2025\demos\cart-pole\src\main\rl_algorithms\train_evaluate_test\base_algorithms.py:116
2025-06-06 23:53:34,440 - INFO - base_algorithms.py:hyper_parameters - : Hyperparameters are:
{'gamma': 0.9999, 'learning_rate': 0.0005, 'batch_size': 128, 'policy_kwargs': {'net_arch': [64, 64]}} in C:\Development\Python\AI\ReinforcementLearning\PyData2025-Presentation\repo\Hands-on-workshop-on-Reinforcement-Learning-Pydata2025\demos\cart-pole\src\main\rl_algorithms\train_evaluate_test\base_algorithms.py:117
2025-06-06 23:53:36,345 - INFO - save_on_base_reward_callback.py:_init_callback - : Saving trained RL model to ./logs/CartPole-v0_dqn\best_model in C:\Development\Python\AI\ReinforcementLearning\PyData2025-Presentation\repo\Hands-on-workshop-on-Reinforcement-Learning-Pydata2025\demos\cart-pole\src\main\rl_algorithms\train_evaluate_test\save_on_base_reward_callback.py:45
2025-06-06 23:53:36,856 - INFO - save_on_base_reward_callback.py:_on_step - : Saving new best model to ./logs/CartPole-v0_dqn\best_model.zip in C:\Development\Python\AI\ReinforcementLearning\PyData2025-Presentation\repo\Hands-on-workshop-on-Reinforcement-Learning-Pydata2025\demos\cart-pole\src\main\rl_algorithms\train_evaluate_test\save_on_base_reward_callback.py:66
2025-06-06 23:53:55,726 - INFO - save_on_base_reward_callback.py:_on_step - : Saving new best model to ./logs/CartPole-v0_dqn\best_model.zip in C:\Development\Python\AI\ReinforcementLearning\PyData2025-Presentation\repo\Hands-on-workshop-on-Reinforcement-Learning-Pydata2025\demos\cart-pole\src\main\rl_algorithms\train_evaluate_test\save_on_base_reward_callback.py:66
2025-06-06 23:53:56,494 - INFO - save_on_base_reward_callback.py:_on_step - : Saving new best model to ./logs/CartPole-v0_dqn\best_model.zip in C:\Development\Python\AI\ReinforcementLearning\PyData2025-Presentation\repo\Hands-on-workshop-on-Reinforcement-Learning-Pydata2025\demos\cart-pole\src\main\rl_algorithms\train_evaluate_test\save_on_base_reward_callback.py:66
2025-06-06 23:53:57,257 - INFO - save_on_base_reward_callback.py:_on_step - : Saving new best model to ./logs/CartPole-v0_dqn\best_model.zip in C:\Development\Python\AI\ReinforcementLearning\PyData2025-Presentation\repo\Hands-on-workshop-on-Reinforcement-Learning-Pydata2025\demos\cart-pole\src\main\rl_algorithms\train_evaluate_test\save_on_base_reward_callback.py:66
2025-06-06 23:53:58,003 - INFO - save_on_base_reward_callback.py:_on_step - : Saving new best model to ./logs/CartPole-v0_dqn\best_model.zip in C:\Development\Python\AI\ReinforcementLearning\PyData2025-Presentation\repo\Hands-on-workshop-on-Reinforcement-Learning-Pydata2025\demos\cart-pole\src\main\rl_algorithms\train_evaluate_test\save_on_base_reward_callback.py:66
2025-06-06 23:53:58,760 - INFO - save_on_base_reward_callback.py:_on_step - : Saving new best model to ./logs/CartPole-v0_dqn\best_model.zip in C:\Development\Python\AI\ReinforcementLearning\PyData2025-Presentation\repo\Hands-on-workshop-on-Reinforcement-Learning-Pydata2025\demos\cart-pole\src\main\rl_algorithms\train_evaluate_test\save_on_base_reward_callback.py:66
2025-06-06 23:53:59,652 - INFO - save_on_base_reward_callback.py:_on_step - : Saving new best model to ./logs/CartPole-v0_dqn\best_model.zip in C:\Development\Python\AI\ReinforcementLearning\PyData2025-Presentation\repo\Hands-on-workshop-on-Reinforcement-Learning-Pydata2025\demos\cart-pole\src\main\rl_algorithms\train_evaluate_test\save_on_base_reward_callback.py:66
2025-06-06 23:54:00,458 - INFO - save_on_base_reward_callback.py:_on_step - : Saving new best model to ./logs/CartPole-v0_dqn\best_model.zip in C:\Development\Python\AI\ReinforcementLearning\PyData2025-Presentation\repo\Hands-on-workshop-on-Reinforcement-Learning-Pydata2025\demos\cart-pole\src\main\rl_algorithms\train_evaluate_test\save_on_base_reward_callback.py:66
2025-06-06 23:54:01,214 - INFO - save_on_base_reward_callback.py:_on_step - : Saving new best model to ./logs/CartPole-v0_dqn\best_model.zip in C:\Development\Python\AI\ReinforcementLearning\PyData2025-Presentation\repo\Hands-on-workshop-on-Reinforcement-Learning-Pydata2025\demos\cart-pole\src\main\rl_algorithms\train_evaluate_test\save_on_base_reward_callback.py:66
2025-06-06 23:54:01,996 - INFO - save_on_base_reward_callback.py:_on_step - : Saving new best model to ./logs/CartPole-v0_dqn\best_model.zip in C:\Development\Python\AI\ReinforcementLearning\PyData2025-Presentation\repo\Hands-on-workshop-on-Reinforcement-Learning-Pydata2025\demos\cart-pole\src\main\rl_algorithms\train_evaluate_test\save_on_base_reward_callback.py:66
2025-06-06 23:54:02,754 - INFO - save_on_base_reward_callback.py:_on_step - : Saving new best model to ./logs/CartPole-v0_dqn\best_model.zip in C:\Development\Python\AI\ReinforcementLearning\PyData2025-Presentation\repo\Hands-on-workshop-on-Reinforcement-Learning-Pydata2025\demos\cart-pole\src\main\rl_algorithms\train_evaluate_test\save_on_base_reward_callback.py:66
2025-06-06 23:54:03,588 - INFO - save_on_base_reward_callback.py:_on_step - : Saving new best model to ./logs/CartPole-v0_dqn\best_model.zip in C:\Development\Python\AI\ReinforcementLearning\PyData2025-Presentation\repo\Hands-on-workshop-on-Reinforcement-Learning-Pydata2025\demos\cart-pole\src\main\rl_algorithms\train_evaluate_test\save_on_base_reward_callback.py:66
2025-06-06 23:54:04,333 - INFO - save_on_base_reward_callback.py:_on_step - : Saving new best model to ./logs/CartPole-v0_dqn\best_model.zip in C:\Development\Python\AI\ReinforcementLearning\PyData2025-Presentation\repo\Hands-on-workshop-on-Reinforcement-Learning-Pydata2025\demos\cart-pole\src\main\rl_algorithms\train_evaluate_test\save_on_base_reward_callback.py:66
2025-06-06 23:54:05,067 - INFO - save_on_base_reward_callback.py:_on_step - : Saving new best model to ./logs/CartPole-v0_dqn\best_model.zip in C:\Development\Python\AI\ReinforcementLearning\PyData2025-Presentation\repo\Hands-on-workshop-on-Reinforcement-Learning-Pydata2025\demos\cart-pole\src\main\rl_algorithms\train_evaluate_test\save_on_base_reward_callback.py:66
2025-06-06 23:54:05,830 - INFO - save_on_base_reward_callback.py:_on_step - : Saving new best model to ./logs/CartPole-v0_dqn\best_model.zip in C:\Development\Python\AI\ReinforcementLearning\PyData2025-Presentation\repo\Hands-on-workshop-on-Reinforcement-Learning-Pydata2025\demos\cart-pole\src\main\rl_algorithms\train_evaluate_test\save_on_base_reward_callback.py:66
2025-06-06 23:54:06,580 - INFO - save_on_base_reward_callback.py:_on_step - : Saving new best model to ./logs/CartPole-v0_dqn\best_model.zip in C:\Development\Python\AI\ReinforcementLearning\PyData2025-Presentation\repo\Hands-on-workshop-on-Reinforcement-Learning-Pydata2025\demos\cart-pole\src\main\rl_algorithms\train_evaluate_test\save_on_base_reward_callback.py:66
2025-06-06 23:54:07,464 - INFO - save_on_base_reward_callback.py:_on_step - : Saving new best model to ./logs/CartPole-v0_dqn\best_model.zip in C:\Development\Python\AI\ReinforcementLearning\PyData2025-Presentation\repo\Hands-on-workshop-on-Reinforcement-Learning-Pydata2025\demos\cart-pole\src\main\rl_algorithms\train_evaluate_test\save_on_base_reward_callback.py:66
2025-06-06 23:54:08,219 - INFO - save_on_base_reward_callback.py:_on_step - : Saving new best model to ./logs/CartPole-v0_dqn\best_model.zip in C:\Development\Python\AI\ReinforcementLearning\PyData2025-Presentation\repo\Hands-on-workshop-on-Reinforcement-Learning-Pydata2025\demos\cart-pole\src\main\rl_algorithms\train_evaluate_test\save_on_base_reward_callback.py:66
2025-06-06 23:54:08,961 - INFO - save_on_base_reward_callback.py:_on_step - : Saving new best model to ./logs/CartPole-v0_dqn\best_model.zip in C:\Development\Python\AI\ReinforcementLearning\PyData2025-Presentation\repo\Hands-on-workshop-on-Reinforcement-Learning-Pydata2025\demos\cart-pole\src\main\rl_algorithms\train_evaluate_test\save_on_base_reward_callback.py:66
2025-06-06 23:54:12,688 - INFO - save_on_base_reward_callback.py:_on_step - : Saving new best model to ./logs/CartPole-v0_dqn\best_model.zip in C:\Development\Python\AI\ReinforcementLearning\PyData2025-Presentation\repo\Hands-on-workshop-on-Reinforcement-Learning-Pydata2025\demos\cart-pole\src\main\rl_algorithms\train_evaluate_test\save_on_base_reward_callback.py:66
2025-06-06 23:54:13,461 - INFO - save_on_base_reward_callback.py:_on_step - : Saving new best model to ./logs/CartPole-v0_dqn\best_model.zip in C:\Development\Python\AI\ReinforcementLearning\PyData2025-Presentation\repo\Hands-on-workshop-on-Reinforcement-Learning-Pydata2025\demos\cart-pole\src\main\rl_algorithms\train_evaluate_test\save_on_base_reward_callback.py:66
2025-06-06 23:54:14,261 - INFO - save_on_base_reward_callback.py:_on_step - : Saving new best model to ./logs/CartPole-v0_dqn\best_model.zip in C:\Development\Python\AI\ReinforcementLearning\PyData2025-Presentation\repo\Hands-on-workshop-on-Reinforcement-Learning-Pydata2025\demos\cart-pole\src\main\rl_algorithms\train_evaluate_test\save_on_base_reward_callback.py:66
2025-06-06 23:54:51,804 - INFO - dqn_algorithm.py:__init__ - : Start of Reinforcement learning for environment: CARTPOLE-V0 in C:\Development\Python\AI\ReinforcementLearning\PyData2025-Presentation\repo\Hands-on-workshop-on-Reinforcement-Learning-Pydata2025\demos\cart-pole\src\main\rl_algorithms\train_evaluate_test\dqn_algorithm.py:47
2025-06-06 23:54:51,804 - INFO - dqn_algorithm.py:__init__ - : This RL environment uses a DQN RL algorithm agent in C:\Development\Python\AI\ReinforcementLearning\PyData2025-Presentation\repo\Hands-on-workshop-on-Reinforcement-Learning-Pydata2025\demos\cart-pole\src\main\rl_algorithms\train_evaluate_test\dqn_algorithm.py:48
2025-06-06 23:54:51,805 - INFO - base_algorithms.py:hyper_parameters - : Training is using non-tuned hyperparameters... in C:\Development\Python\AI\ReinforcementLearning\PyData2025-Presentation\repo\Hands-on-workshop-on-Reinforcement-Learning-Pydata2025\demos\cart-pole\src\main\rl_algorithms\train_evaluate_test\base_algorithms.py:116
2025-06-06 23:54:51,806 - INFO - base_algorithms.py:hyper_parameters - : Hyperparameters are:
{'gamma': 0.9999, 'learning_rate': 0.0005, 'batch_size': 128, 'policy_kwargs': {'net_arch': [64, 64]}} in C:\Development\Python\AI\ReinforcementLearning\PyData2025-Presentation\repo\Hands-on-workshop-on-Reinforcement-Learning-Pydata2025\demos\cart-pole\src\main\rl_algorithms\train_evaluate_test\base_algorithms.py:117
2025-06-06 23:58:23,103 - INFO - dqn_algorithm.py:__init__ - : Start of Reinforcement learning for environment: CARTPOLE-V0 in C:\Development\Python\AI\ReinforcementLearning\PyData2025-Presentation\repo\Hands-on-workshop-on-Reinforcement-Learning-Pydata2025\demos\cart-pole\src\main\rl_algorithms\train_evaluate_test\dqn_algorithm.py:47
2025-06-06 23:58:23,103 - INFO - dqn_algorithm.py:__init__ - : This RL environment uses a DQN RL algorithm agent in C:\Development\Python\AI\ReinforcementLearning\PyData2025-Presentation\repo\Hands-on-workshop-on-Reinforcement-Learning-Pydata2025\demos\cart-pole\src\main\rl_algorithms\train_evaluate_test\dqn_algorithm.py:48
2025-06-06 23:58:23,103 - INFO - base_algorithms.py:hyper_parameters - : Training is using non-tuned hyperparameters... in C:\Development\Python\AI\ReinforcementLearning\PyData2025-Presentation\repo\Hands-on-workshop-on-Reinforcement-Learning-Pydata2025\demos\cart-pole\src\main\rl_algorithms\train_evaluate_test\base_algorithms.py:116
2025-06-06 23:58:23,119 - INFO - base_algorithms.py:hyper_parameters - : Hyperparameters are:
{'gamma': 0.9999, 'learning_rate': 0.0005, 'batch_size': 128, 'policy_kwargs': {'net_arch': [64, 64]}} in C:\Development\Python\AI\ReinforcementLearning\PyData2025-Presentation\repo\Hands-on-workshop-on-Reinforcement-Learning-Pydata2025\demos\cart-pole\src\main\rl_algorithms\train_evaluate_test\base_algorithms.py:117
