2025-06-02 12:38:46,600 - INFO - dqn_algorithm.py:__init__ - : Start of Reinforcement learning for environment: CARTPOLE-V0 in C:\Development\Python\AI\ReinforcementLearning\PyData2025-Presentation\demos\pendulum\src\main\rl_algorithms\train_evaluate_test\dqn_algorithm.py:47
2025-06-02 12:38:46,600 - INFO - dqn_algorithm.py:__init__ - : This RL environment uses a DQN RL algorithm agent in C:\Development\Python\AI\ReinforcementLearning\PyData2025-Presentation\demos\pendulum\src\main\rl_algorithms\train_evaluate_test\dqn_algorithm.py:48
2025-06-02 12:38:46,600 - INFO - base_algorithms.py:hyper_parameters - : Training is using non-tuned hyperparameters... in C:\Development\Python\AI\ReinforcementLearning\PyData2025-Presentation\demos\pendulum\src\main\rl_algorithms\train_evaluate_test\base_algorithms.py:114
2025-06-02 12:38:46,601 - INFO - base_algorithms.py:hyper_parameters - : Hyperparameters are:
{'gamma': 0.9999, 'learning_rate': 0.0005, 'batch_size': 128, 'policy_kwargs': {'net_arch': {'pi': [64, 64], 'qf': [64, 64]}}} in C:\Development\Python\AI\ReinforcementLearning\PyData2025-Presentation\demos\pendulum\src\main\rl_algorithms\train_evaluate_test\base_algorithms.py:115
2025-06-02 12:43:04,911 - INFO - dqn_algorithm.py:__init__ - : Start of Reinforcement learning for environment: CARTPOLE-V0 in C:\Development\Python\AI\ReinforcementLearning\PyData2025-Presentation\demos\pendulum\src\main\rl_algorithms\train_evaluate_test\dqn_algorithm.py:47
2025-06-02 12:43:04,912 - INFO - dqn_algorithm.py:__init__ - : This RL environment uses a DQN RL algorithm agent in C:\Development\Python\AI\ReinforcementLearning\PyData2025-Presentation\demos\pendulum\src\main\rl_algorithms\train_evaluate_test\dqn_algorithm.py:48
2025-06-02 12:43:04,912 - INFO - base_algorithms.py:hyper_parameters - : Training is using non-tuned hyperparameters... in C:\Development\Python\AI\ReinforcementLearning\PyData2025-Presentation\demos\pendulum\src\main\rl_algorithms\train_evaluate_test\base_algorithms.py:114
2025-06-02 12:43:04,912 - INFO - base_algorithms.py:hyper_parameters - : Hyperparameters are:
{'gamma': 0.9999, 'learning_rate': 0.0005, 'batch_size': 128, 'policy_kwargs': {'net_arch': {'qf': [64, 64]}}} in C:\Development\Python\AI\ReinforcementLearning\PyData2025-Presentation\demos\pendulum\src\main\rl_algorithms\train_evaluate_test\base_algorithms.py:115
2025-06-02 12:50:37,627 - INFO - dqn_algorithm.py:__init__ - : Start of Reinforcement learning for environment: CARTPOLE-V0 in C:\Development\Python\AI\ReinforcementLearning\PyData2025-Presentation\demos\pendulum\src\main\rl_algorithms\train_evaluate_test\dqn_algorithm.py:47
2025-06-02 12:50:37,627 - INFO - dqn_algorithm.py:__init__ - : This RL environment uses a DQN RL algorithm agent in C:\Development\Python\AI\ReinforcementLearning\PyData2025-Presentation\demos\pendulum\src\main\rl_algorithms\train_evaluate_test\dqn_algorithm.py:48
2025-06-02 12:50:37,628 - INFO - base_algorithms.py:hyper_parameters - : Training is using non-tuned hyperparameters... in C:\Development\Python\AI\ReinforcementLearning\PyData2025-Presentation\demos\pendulum\src\main\rl_algorithms\train_evaluate_test\base_algorithms.py:114
2025-06-02 12:50:37,628 - INFO - base_algorithms.py:hyper_parameters - : Hyperparameters are:
{'gamma': 0.9999, 'learning_rate': 0.0005, 'batch_size': 128, 'policy_kwargs': {'net_arch': [64, 64]}} in C:\Development\Python\AI\ReinforcementLearning\PyData2025-Presentation\demos\pendulum\src\main\rl_algorithms\train_evaluate_test\base_algorithms.py:115
2025-06-02 13:27:23,640 - INFO - dqn_algorithm.py:__init__ - : Start of Reinforcement learning for environment: CARTPOLE-V0 in C:\Development\Python\AI\ReinforcementLearning\PyData2025-Presentation\demos\pendulum\src\main\rl_algorithms\train_evaluate_test\dqn_algorithm.py:47
2025-06-02 13:27:23,641 - INFO - dqn_algorithm.py:__init__ - : This RL environment uses a DQN RL algorithm agent in C:\Development\Python\AI\ReinforcementLearning\PyData2025-Presentation\demos\pendulum\src\main\rl_algorithms\train_evaluate_test\dqn_algorithm.py:48
2025-06-02 13:27:23,641 - INFO - base_algorithms.py:hyper_parameters - : Training is using non-tuned hyperparameters... in C:\Development\Python\AI\ReinforcementLearning\PyData2025-Presentation\demos\pendulum\src\main\rl_algorithms\train_evaluate_test\base_algorithms.py:114
2025-06-02 13:27:23,641 - INFO - base_algorithms.py:hyper_parameters - : Hyperparameters are:
{'gamma': 0.9999, 'learning_rate': 0.0005, 'batch_size': 128, 'policy_kwargs': {'net_arch': [64, 64]}} in C:\Development\Python\AI\ReinforcementLearning\PyData2025-Presentation\demos\pendulum\src\main\rl_algorithms\train_evaluate_test\base_algorithms.py:115
2025-06-02 13:27:25,533 - INFO - save_on_base_reward_callback.py:_init_callback - : Saving trained RL model to ./logs/CartPole-v0_dqn\best_model in C:\Development\Python\AI\ReinforcementLearning\PyData2025-Presentation\demos\pendulum\src\main\rl_algorithms\train_evaluate_test\save_on_base_reward_callback.py:45
2025-06-02 13:27:25,552 - INFO - save_on_base_reward_callback.py:_on_step - : Saving new best model to ./logs/CartPole-v0_dqn\best_model.zip in C:\Development\Python\AI\ReinforcementLearning\PyData2025-Presentation\demos\pendulum\src\main\rl_algorithms\train_evaluate_test\save_on_base_reward_callback.py:66
2025-06-02 13:27:25,633 - INFO - save_on_base_reward_callback.py:_on_step - : Saving new best model to ./logs/CartPole-v0_dqn\best_model.zip in C:\Development\Python\AI\ReinforcementLearning\PyData2025-Presentation\demos\pendulum\src\main\rl_algorithms\train_evaluate_test\save_on_base_reward_callback.py:66
2025-06-02 13:27:25,701 - INFO - save_on_base_reward_callback.py:_on_step - : Saving new best model to ./logs/CartPole-v0_dqn\best_model.zip in C:\Development\Python\AI\ReinforcementLearning\PyData2025-Presentation\demos\pendulum\src\main\rl_algorithms\train_evaluate_test\save_on_base_reward_callback.py:66
2025-06-02 13:30:26,351 - INFO - dqn_algorithm.py:__init__ - : Start of Reinforcement learning for environment: CARTPOLE-V0 in C:\Development\Python\AI\ReinforcementLearning\PyData2025-Presentation\demos\pendulum\src\main\rl_algorithms\train_evaluate_test\dqn_algorithm.py:47
2025-06-02 13:30:26,352 - INFO - dqn_algorithm.py:__init__ - : This RL environment uses a DQN RL algorithm agent in C:\Development\Python\AI\ReinforcementLearning\PyData2025-Presentation\demos\pendulum\src\main\rl_algorithms\train_evaluate_test\dqn_algorithm.py:48
2025-06-02 13:30:26,352 - INFO - base_algorithms.py:hyper_parameters - : Training is using non-tuned hyperparameters... in C:\Development\Python\AI\ReinforcementLearning\PyData2025-Presentation\demos\pendulum\src\main\rl_algorithms\train_evaluate_test\base_algorithms.py:114
2025-06-02 13:30:26,352 - INFO - base_algorithms.py:hyper_parameters - : Hyperparameters are:
{'gamma': 0.9999, 'learning_rate': 0.0005, 'batch_size': 128, 'policy_kwargs': {'net_arch': [64, 64]}} in C:\Development\Python\AI\ReinforcementLearning\PyData2025-Presentation\demos\pendulum\src\main\rl_algorithms\train_evaluate_test\base_algorithms.py:115
2025-06-02 13:30:28,207 - INFO - save_on_base_reward_callback.py:_init_callback - : Saving trained RL model to ./logs/CartPole-v0_dqn\best_model in C:\Development\Python\AI\ReinforcementLearning\PyData2025-Presentation\demos\pendulum\src\main\rl_algorithms\train_evaluate_test\save_on_base_reward_callback.py:45
2025-06-02 13:30:28,432 - INFO - save_on_base_reward_callback.py:_on_step - : Saving new best model to ./logs/CartPole-v0_dqn\best_model.zip in C:\Development\Python\AI\ReinforcementLearning\PyData2025-Presentation\demos\pendulum\src\main\rl_algorithms\train_evaluate_test\save_on_base_reward_callback.py:66
2025-06-02 13:30:28,998 - INFO - save_on_base_reward_callback.py:_on_step - : Saving new best model to ./logs/CartPole-v0_dqn\best_model.zip in C:\Development\Python\AI\ReinforcementLearning\PyData2025-Presentation\demos\pendulum\src\main\rl_algorithms\train_evaluate_test\save_on_base_reward_callback.py:66
2025-06-02 13:38:32,200 - INFO - dqn_algorithm.py:__init__ - : Start of Reinforcement learning for environment: CARTPOLE-V0 in C:\Development\Python\AI\ReinforcementLearning\PyData2025-Presentation\demos\pendulum\src\main\rl_algorithms\train_evaluate_test\dqn_algorithm.py:47
2025-06-02 13:38:32,200 - INFO - dqn_algorithm.py:__init__ - : This RL environment uses a DQN RL algorithm agent in C:\Development\Python\AI\ReinforcementLearning\PyData2025-Presentation\demos\pendulum\src\main\rl_algorithms\train_evaluate_test\dqn_algorithm.py:48
2025-06-02 13:38:32,201 - INFO - base_algorithms.py:hyper_parameters - : Training is using non-tuned hyperparameters... in C:\Development\Python\AI\ReinforcementLearning\PyData2025-Presentation\demos\pendulum\src\main\rl_algorithms\train_evaluate_test\base_algorithms.py:116
2025-06-02 13:38:32,201 - INFO - base_algorithms.py:hyper_parameters - : Hyperparameters are:
{'gamma': 0.9999, 'learning_rate': 0.0005, 'batch_size': 128, 'policy_kwargs': {'net_arch': [64, 64]}} in C:\Development\Python\AI\ReinforcementLearning\PyData2025-Presentation\demos\pendulum\src\main\rl_algorithms\train_evaluate_test\base_algorithms.py:117
2025-06-02 13:38:34,133 - INFO - save_on_base_reward_callback.py:_init_callback - : Saving trained RL model to ./logs/CartPole-v0_dqn\best_model in C:\Development\Python\AI\ReinforcementLearning\PyData2025-Presentation\demos\pendulum\src\main\rl_algorithms\train_evaluate_test\save_on_base_reward_callback.py:45
2025-06-02 13:38:34,371 - INFO - save_on_base_reward_callback.py:_on_step - : Saving new best model to ./logs/CartPole-v0_dqn\best_model.zip in C:\Development\Python\AI\ReinforcementLearning\PyData2025-Presentation\demos\pendulum\src\main\rl_algorithms\train_evaluate_test\save_on_base_reward_callback.py:66
2025-06-02 13:38:50,775 - INFO - save_on_base_reward_callback.py:_on_step - : Saving new best model to ./logs/CartPole-v0_dqn\best_model.zip in C:\Development\Python\AI\ReinforcementLearning\PyData2025-Presentation\demos\pendulum\src\main\rl_algorithms\train_evaluate_test\save_on_base_reward_callback.py:66
2025-06-02 13:38:51,156 - INFO - save_on_base_reward_callback.py:_on_step - : Saving new best model to ./logs/CartPole-v0_dqn\best_model.zip in C:\Development\Python\AI\ReinforcementLearning\PyData2025-Presentation\demos\pendulum\src\main\rl_algorithms\train_evaluate_test\save_on_base_reward_callback.py:66
2025-06-02 13:38:51,538 - INFO - save_on_base_reward_callback.py:_on_step - : Saving new best model to ./logs/CartPole-v0_dqn\best_model.zip in C:\Development\Python\AI\ReinforcementLearning\PyData2025-Presentation\demos\pendulum\src\main\rl_algorithms\train_evaluate_test\save_on_base_reward_callback.py:66
2025-06-02 13:38:52,291 - INFO - save_on_base_reward_callback.py:_on_step - : Saving new best model to ./logs/CartPole-v0_dqn\best_model.zip in C:\Development\Python\AI\ReinforcementLearning\PyData2025-Presentation\demos\pendulum\src\main\rl_algorithms\train_evaluate_test\save_on_base_reward_callback.py:66
2025-06-02 13:38:56,135 - INFO - save_on_base_reward_callback.py:_on_step - : Saving new best model to ./logs/CartPole-v0_dqn\best_model.zip in C:\Development\Python\AI\ReinforcementLearning\PyData2025-Presentation\demos\pendulum\src\main\rl_algorithms\train_evaluate_test\save_on_base_reward_callback.py:66
2025-06-02 13:38:56,594 - INFO - save_on_base_reward_callback.py:_on_step - : Saving new best model to ./logs/CartPole-v0_dqn\best_model.zip in C:\Development\Python\AI\ReinforcementLearning\PyData2025-Presentation\demos\pendulum\src\main\rl_algorithms\train_evaluate_test\save_on_base_reward_callback.py:66
2025-06-02 13:38:57,054 - INFO - save_on_base_reward_callback.py:_on_step - : Saving new best model to ./logs/CartPole-v0_dqn\best_model.zip in C:\Development\Python\AI\ReinforcementLearning\PyData2025-Presentation\demos\pendulum\src\main\rl_algorithms\train_evaluate_test\save_on_base_reward_callback.py:66
2025-06-02 13:38:57,532 - INFO - save_on_base_reward_callback.py:_on_step - : Saving new best model to ./logs/CartPole-v0_dqn\best_model.zip in C:\Development\Python\AI\ReinforcementLearning\PyData2025-Presentation\demos\pendulum\src\main\rl_algorithms\train_evaluate_test\save_on_base_reward_callback.py:66
2025-06-02 13:38:57,988 - INFO - save_on_base_reward_callback.py:_on_step - : Saving new best model to ./logs/CartPole-v0_dqn\best_model.zip in C:\Development\Python\AI\ReinforcementLearning\PyData2025-Presentation\demos\pendulum\src\main\rl_algorithms\train_evaluate_test\save_on_base_reward_callback.py:66
2025-06-02 13:38:58,449 - INFO - save_on_base_reward_callback.py:_on_step - : Saving new best model to ./logs/CartPole-v0_dqn\best_model.zip in C:\Development\Python\AI\ReinforcementLearning\PyData2025-Presentation\demos\pendulum\src\main\rl_algorithms\train_evaluate_test\save_on_base_reward_callback.py:66
2025-06-02 13:38:58,889 - INFO - save_on_base_reward_callback.py:_on_step - : Saving new best model to ./logs/CartPole-v0_dqn\best_model.zip in C:\Development\Python\AI\ReinforcementLearning\PyData2025-Presentation\demos\pendulum\src\main\rl_algorithms\train_evaluate_test\save_on_base_reward_callback.py:66
2025-06-02 13:38:59,339 - INFO - save_on_base_reward_callback.py:_on_step - : Saving new best model to ./logs/CartPole-v0_dqn\best_model.zip in C:\Development\Python\AI\ReinforcementLearning\PyData2025-Presentation\demos\pendulum\src\main\rl_algorithms\train_evaluate_test\save_on_base_reward_callback.py:66
2025-06-02 13:38:59,800 - INFO - save_on_base_reward_callback.py:_on_step - : Saving new best model to ./logs/CartPole-v0_dqn\best_model.zip in C:\Development\Python\AI\ReinforcementLearning\PyData2025-Presentation\demos\pendulum\src\main\rl_algorithms\train_evaluate_test\save_on_base_reward_callback.py:66
2025-06-02 13:39:00,251 - INFO - save_on_base_reward_callback.py:_on_step - : Saving new best model to ./logs/CartPole-v0_dqn\best_model.zip in C:\Development\Python\AI\ReinforcementLearning\PyData2025-Presentation\demos\pendulum\src\main\rl_algorithms\train_evaluate_test\save_on_base_reward_callback.py:66
2025-06-02 13:39:00,694 - INFO - save_on_base_reward_callback.py:_on_step - : Saving new best model to ./logs/CartPole-v0_dqn\best_model.zip in C:\Development\Python\AI\ReinforcementLearning\PyData2025-Presentation\demos\pendulum\src\main\rl_algorithms\train_evaluate_test\save_on_base_reward_callback.py:66
2025-06-02 13:39:01,137 - INFO - save_on_base_reward_callback.py:_on_step - : Saving new best model to ./logs/CartPole-v0_dqn\best_model.zip in C:\Development\Python\AI\ReinforcementLearning\PyData2025-Presentation\demos\pendulum\src\main\rl_algorithms\train_evaluate_test\save_on_base_reward_callback.py:66
2025-06-02 13:39:01,594 - INFO - save_on_base_reward_callback.py:_on_step - : Saving new best model to ./logs/CartPole-v0_dqn\best_model.zip in C:\Development\Python\AI\ReinforcementLearning\PyData2025-Presentation\demos\pendulum\src\main\rl_algorithms\train_evaluate_test\save_on_base_reward_callback.py:66
2025-06-02 13:39:02,043 - INFO - save_on_base_reward_callback.py:_on_step - : Saving new best model to ./logs/CartPole-v0_dqn\best_model.zip in C:\Development\Python\AI\ReinforcementLearning\PyData2025-Presentation\demos\pendulum\src\main\rl_algorithms\train_evaluate_test\save_on_base_reward_callback.py:66
2025-06-02 13:39:02,496 - INFO - save_on_base_reward_callback.py:_on_step - : Saving new best model to ./logs/CartPole-v0_dqn\best_model.zip in C:\Development\Python\AI\ReinforcementLearning\PyData2025-Presentation\demos\pendulum\src\main\rl_algorithms\train_evaluate_test\save_on_base_reward_callback.py:66
2025-06-02 13:39:02,952 - INFO - save_on_base_reward_callback.py:_on_step - : Saving new best model to ./logs/CartPole-v0_dqn\best_model.zip in C:\Development\Python\AI\ReinforcementLearning\PyData2025-Presentation\demos\pendulum\src\main\rl_algorithms\train_evaluate_test\save_on_base_reward_callback.py:66
2025-06-02 13:39:03,393 - INFO - save_on_base_reward_callback.py:_on_step - : Saving new best model to ./logs/CartPole-v0_dqn\best_model.zip in C:\Development\Python\AI\ReinforcementLearning\PyData2025-Presentation\demos\pendulum\src\main\rl_algorithms\train_evaluate_test\save_on_base_reward_callback.py:66
2025-06-02 13:39:03,846 - INFO - save_on_base_reward_callback.py:_on_step - : Saving new best model to ./logs/CartPole-v0_dqn\best_model.zip in C:\Development\Python\AI\ReinforcementLearning\PyData2025-Presentation\demos\pendulum\src\main\rl_algorithms\train_evaluate_test\save_on_base_reward_callback.py:66
2025-06-02 13:39:04,288 - INFO - save_on_base_reward_callback.py:_on_step - : Saving new best model to ./logs/CartPole-v0_dqn\best_model.zip in C:\Development\Python\AI\ReinforcementLearning\PyData2025-Presentation\demos\pendulum\src\main\rl_algorithms\train_evaluate_test\save_on_base_reward_callback.py:66
2025-06-02 13:39:04,742 - INFO - save_on_base_reward_callback.py:_on_step - : Saving new best model to ./logs/CartPole-v0_dqn\best_model.zip in C:\Development\Python\AI\ReinforcementLearning\PyData2025-Presentation\demos\pendulum\src\main\rl_algorithms\train_evaluate_test\save_on_base_reward_callback.py:66
2025-06-02 13:39:05,376 - INFO - save_on_base_reward_callback.py:_on_step - : Saving new best model to ./logs/CartPole-v0_dqn\best_model.zip in C:\Development\Python\AI\ReinforcementLearning\PyData2025-Presentation\demos\pendulum\src\main\rl_algorithms\train_evaluate_test\save_on_base_reward_callback.py:66
2025-06-02 13:39:05,798 - INFO - save_on_base_reward_callback.py:_on_step - : Saving new best model to ./logs/CartPole-v0_dqn\best_model.zip in C:\Development\Python\AI\ReinforcementLearning\PyData2025-Presentation\demos\pendulum\src\main\rl_algorithms\train_evaluate_test\save_on_base_reward_callback.py:66
2025-06-02 13:39:06,230 - INFO - save_on_base_reward_callback.py:_on_step - : Saving new best model to ./logs/CartPole-v0_dqn\best_model.zip in C:\Development\Python\AI\ReinforcementLearning\PyData2025-Presentation\demos\pendulum\src\main\rl_algorithms\train_evaluate_test\save_on_base_reward_callback.py:66
2025-06-02 13:39:06,677 - INFO - save_on_base_reward_callback.py:_on_step - : Saving new best model to ./logs/CartPole-v0_dqn\best_model.zip in C:\Development\Python\AI\ReinforcementLearning\PyData2025-Presentation\demos\pendulum\src\main\rl_algorithms\train_evaluate_test\save_on_base_reward_callback.py:66
2025-06-02 13:39:07,185 - INFO - save_on_base_reward_callback.py:_on_step - : Saving new best model to ./logs/CartPole-v0_dqn\best_model.zip in C:\Development\Python\AI\ReinforcementLearning\PyData2025-Presentation\demos\pendulum\src\main\rl_algorithms\train_evaluate_test\save_on_base_reward_callback.py:66
2025-06-02 13:39:07,648 - INFO - save_on_base_reward_callback.py:_on_step - : Saving new best model to ./logs/CartPole-v0_dqn\best_model.zip in C:\Development\Python\AI\ReinforcementLearning\PyData2025-Presentation\demos\pendulum\src\main\rl_algorithms\train_evaluate_test\save_on_base_reward_callback.py:66
2025-06-02 13:39:08,096 - INFO - save_on_base_reward_callback.py:_on_step - : Saving new best model to ./logs/CartPole-v0_dqn\best_model.zip in C:\Development\Python\AI\ReinforcementLearning\PyData2025-Presentation\demos\pendulum\src\main\rl_algorithms\train_evaluate_test\save_on_base_reward_callback.py:66
2025-06-02 13:39:09,022 - INFO - save_on_base_reward_callback.py:_on_step - : Saving new best model to ./logs/CartPole-v0_dqn\best_model.zip in C:\Development\Python\AI\ReinforcementLearning\PyData2025-Presentation\demos\pendulum\src\main\rl_algorithms\train_evaluate_test\save_on_base_reward_callback.py:66
2025-06-02 13:39:09,496 - INFO - save_on_base_reward_callback.py:_on_step - : Saving new best model to ./logs/CartPole-v0_dqn\best_model.zip in C:\Development\Python\AI\ReinforcementLearning\PyData2025-Presentation\demos\pendulum\src\main\rl_algorithms\train_evaluate_test\save_on_base_reward_callback.py:66
2025-06-02 13:39:09,898 - INFO - save_on_base_reward_callback.py:_on_step - : Saving new best model to ./logs/CartPole-v0_dqn\best_model.zip in C:\Development\Python\AI\ReinforcementLearning\PyData2025-Presentation\demos\pendulum\src\main\rl_algorithms\train_evaluate_test\save_on_base_reward_callback.py:66
2025-06-02 13:39:10,317 - INFO - save_on_base_reward_callback.py:_on_step - : Saving new best model to ./logs/CartPole-v0_dqn\best_model.zip in C:\Development\Python\AI\ReinforcementLearning\PyData2025-Presentation\demos\pendulum\src\main\rl_algorithms\train_evaluate_test\save_on_base_reward_callback.py:66
2025-06-02 13:39:10,738 - INFO - save_on_base_reward_callback.py:_on_step - : Saving new best model to ./logs/CartPole-v0_dqn\best_model.zip in C:\Development\Python\AI\ReinforcementLearning\PyData2025-Presentation\demos\pendulum\src\main\rl_algorithms\train_evaluate_test\save_on_base_reward_callback.py:66
2025-06-02 13:39:11,173 - INFO - save_on_base_reward_callback.py:_on_step - : Saving new best model to ./logs/CartPole-v0_dqn\best_model.zip in C:\Development\Python\AI\ReinforcementLearning\PyData2025-Presentation\demos\pendulum\src\main\rl_algorithms\train_evaluate_test\save_on_base_reward_callback.py:66
2025-06-02 13:39:11,606 - INFO - save_on_base_reward_callback.py:_on_step - : Saving new best model to ./logs/CartPole-v0_dqn\best_model.zip in C:\Development\Python\AI\ReinforcementLearning\PyData2025-Presentation\demos\pendulum\src\main\rl_algorithms\train_evaluate_test\save_on_base_reward_callback.py:66
2025-06-02 13:39:12,031 - INFO - save_on_base_reward_callback.py:_on_step - : Saving new best model to ./logs/CartPole-v0_dqn\best_model.zip in C:\Development\Python\AI\ReinforcementLearning\PyData2025-Presentation\demos\pendulum\src\main\rl_algorithms\train_evaluate_test\save_on_base_reward_callback.py:66
2025-06-02 13:39:12,452 - INFO - save_on_base_reward_callback.py:_on_step - : Saving new best model to ./logs/CartPole-v0_dqn\best_model.zip in C:\Development\Python\AI\ReinforcementLearning\PyData2025-Presentation\demos\pendulum\src\main\rl_algorithms\train_evaluate_test\save_on_base_reward_callback.py:66
2025-06-02 13:39:12,894 - INFO - save_on_base_reward_callback.py:_on_step - : Saving new best model to ./logs/CartPole-v0_dqn\best_model.zip in C:\Development\Python\AI\ReinforcementLearning\PyData2025-Presentation\demos\pendulum\src\main\rl_algorithms\train_evaluate_test\save_on_base_reward_callback.py:66
2025-06-02 13:39:13,331 - INFO - save_on_base_reward_callback.py:_on_step - : Saving new best model to ./logs/CartPole-v0_dqn\best_model.zip in C:\Development\Python\AI\ReinforcementLearning\PyData2025-Presentation\demos\pendulum\src\main\rl_algorithms\train_evaluate_test\save_on_base_reward_callback.py:66
2025-06-02 13:39:13,777 - INFO - save_on_base_reward_callback.py:_on_step - : Saving new best model to ./logs/CartPole-v0_dqn\best_model.zip in C:\Development\Python\AI\ReinforcementLearning\PyData2025-Presentation\demos\pendulum\src\main\rl_algorithms\train_evaluate_test\save_on_base_reward_callback.py:66
2025-06-02 13:39:14,474 - INFO - save_on_base_reward_callback.py:_on_step - : Saving new best model to ./logs/CartPole-v0_dqn\best_model.zip in C:\Development\Python\AI\ReinforcementLearning\PyData2025-Presentation\demos\pendulum\src\main\rl_algorithms\train_evaluate_test\save_on_base_reward_callback.py:66
2025-06-02 13:39:14,914 - INFO - save_on_base_reward_callback.py:_on_step - : Saving new best model to ./logs/CartPole-v0_dqn\best_model.zip in C:\Development\Python\AI\ReinforcementLearning\PyData2025-Presentation\demos\pendulum\src\main\rl_algorithms\train_evaluate_test\save_on_base_reward_callback.py:66
2025-06-02 13:39:15,348 - INFO - save_on_base_reward_callback.py:_on_step - : Saving new best model to ./logs/CartPole-v0_dqn\best_model.zip in C:\Development\Python\AI\ReinforcementLearning\PyData2025-Presentation\demos\pendulum\src\main\rl_algorithms\train_evaluate_test\save_on_base_reward_callback.py:66
2025-06-02 13:39:15,777 - INFO - save_on_base_reward_callback.py:_on_step - : Saving new best model to ./logs/CartPole-v0_dqn\best_model.zip in C:\Development\Python\AI\ReinforcementLearning\PyData2025-Presentation\demos\pendulum\src\main\rl_algorithms\train_evaluate_test\save_on_base_reward_callback.py:66
2025-06-02 13:39:16,238 - INFO - save_on_base_reward_callback.py:_on_step - : Saving new best model to ./logs/CartPole-v0_dqn\best_model.zip in C:\Development\Python\AI\ReinforcementLearning\PyData2025-Presentation\demos\pendulum\src\main\rl_algorithms\train_evaluate_test\save_on_base_reward_callback.py:66
2025-06-02 13:39:16,686 - INFO - save_on_base_reward_callback.py:_on_step - : Saving new best model to ./logs/CartPole-v0_dqn\best_model.zip in C:\Development\Python\AI\ReinforcementLearning\PyData2025-Presentation\demos\pendulum\src\main\rl_algorithms\train_evaluate_test\save_on_base_reward_callback.py:66
2025-06-02 13:39:17,123 - INFO - save_on_base_reward_callback.py:_on_step - : Saving new best model to ./logs/CartPole-v0_dqn\best_model.zip in C:\Development\Python\AI\ReinforcementLearning\PyData2025-Presentation\demos\pendulum\src\main\rl_algorithms\train_evaluate_test\save_on_base_reward_callback.py:66
2025-06-02 13:39:17,566 - INFO - save_on_base_reward_callback.py:_on_step - : Saving new best model to ./logs/CartPole-v0_dqn\best_model.zip in C:\Development\Python\AI\ReinforcementLearning\PyData2025-Presentation\demos\pendulum\src\main\rl_algorithms\train_evaluate_test\save_on_base_reward_callback.py:66
2025-06-02 13:39:18,004 - INFO - save_on_base_reward_callback.py:_on_step - : Saving new best model to ./logs/CartPole-v0_dqn\best_model.zip in C:\Development\Python\AI\ReinforcementLearning\PyData2025-Presentation\demos\pendulum\src\main\rl_algorithms\train_evaluate_test\save_on_base_reward_callback.py:66
2025-06-02 13:39:18,475 - INFO - save_on_base_reward_callback.py:_on_step - : Saving new best model to ./logs/CartPole-v0_dqn\best_model.zip in C:\Development\Python\AI\ReinforcementLearning\PyData2025-Presentation\demos\pendulum\src\main\rl_algorithms\train_evaluate_test\save_on_base_reward_callback.py:66
2025-06-02 13:39:25,119 - INFO - save_on_base_reward_callback.py:_on_step - : Saving new best model to ./logs/CartPole-v0_dqn\best_model.zip in C:\Development\Python\AI\ReinforcementLearning\PyData2025-Presentation\demos\pendulum\src\main\rl_algorithms\train_evaluate_test\save_on_base_reward_callback.py:66
2025-06-02 13:39:25,591 - INFO - save_on_base_reward_callback.py:_on_step - : Saving new best model to ./logs/CartPole-v0_dqn\best_model.zip in C:\Development\Python\AI\ReinforcementLearning\PyData2025-Presentation\demos\pendulum\src\main\rl_algorithms\train_evaluate_test\save_on_base_reward_callback.py:66
2025-06-02 13:39:26,027 - INFO - save_on_base_reward_callback.py:_on_step - : Saving new best model to ./logs/CartPole-v0_dqn\best_model.zip in C:\Development\Python\AI\ReinforcementLearning\PyData2025-Presentation\demos\pendulum\src\main\rl_algorithms\train_evaluate_test\save_on_base_reward_callback.py:66
2025-06-02 13:39:26,454 - INFO - save_on_base_reward_callback.py:_on_step - : Saving new best model to ./logs/CartPole-v0_dqn\best_model.zip in C:\Development\Python\AI\ReinforcementLearning\PyData2025-Presentation\demos\pendulum\src\main\rl_algorithms\train_evaluate_test\save_on_base_reward_callback.py:66
2025-06-02 13:39:26,881 - INFO - save_on_base_reward_callback.py:_on_step - : Saving new best model to ./logs/CartPole-v0_dqn\best_model.zip in C:\Development\Python\AI\ReinforcementLearning\PyData2025-Presentation\demos\pendulum\src\main\rl_algorithms\train_evaluate_test\save_on_base_reward_callback.py:66
2025-06-02 13:39:27,305 - INFO - save_on_base_reward_callback.py:_on_step - : Saving new best model to ./logs/CartPole-v0_dqn\best_model.zip in C:\Development\Python\AI\ReinforcementLearning\PyData2025-Presentation\demos\pendulum\src\main\rl_algorithms\train_evaluate_test\save_on_base_reward_callback.py:66
2025-06-02 13:39:27,737 - INFO - save_on_base_reward_callback.py:_on_step - : Saving new best model to ./logs/CartPole-v0_dqn\best_model.zip in C:\Development\Python\AI\ReinforcementLearning\PyData2025-Presentation\demos\pendulum\src\main\rl_algorithms\train_evaluate_test\save_on_base_reward_callback.py:66
2025-06-02 13:39:28,172 - INFO - save_on_base_reward_callback.py:_on_step - : Saving new best model to ./logs/CartPole-v0_dqn\best_model.zip in C:\Development\Python\AI\ReinforcementLearning\PyData2025-Presentation\demos\pendulum\src\main\rl_algorithms\train_evaluate_test\save_on_base_reward_callback.py:66
2025-06-02 13:39:28,640 - INFO - save_on_base_reward_callback.py:_on_step - : Saving new best model to ./logs/CartPole-v0_dqn\best_model.zip in C:\Development\Python\AI\ReinforcementLearning\PyData2025-Presentation\demos\pendulum\src\main\rl_algorithms\train_evaluate_test\save_on_base_reward_callback.py:66
2025-06-02 13:39:29,060 - INFO - save_on_base_reward_callback.py:_on_step - : Saving new best model to ./logs/CartPole-v0_dqn\best_model.zip in C:\Development\Python\AI\ReinforcementLearning\PyData2025-Presentation\demos\pendulum\src\main\rl_algorithms\train_evaluate_test\save_on_base_reward_callback.py:66
2025-06-02 13:39:29,495 - INFO - save_on_base_reward_callback.py:_on_step - : Saving new best model to ./logs/CartPole-v0_dqn\best_model.zip in C:\Development\Python\AI\ReinforcementLearning\PyData2025-Presentation\demos\pendulum\src\main\rl_algorithms\train_evaluate_test\save_on_base_reward_callback.py:66
2025-06-02 13:39:29,953 - INFO - save_on_base_reward_callback.py:_on_step - : Saving new best model to ./logs/CartPole-v0_dqn\best_model.zip in C:\Development\Python\AI\ReinforcementLearning\PyData2025-Presentation\demos\pendulum\src\main\rl_algorithms\train_evaluate_test\save_on_base_reward_callback.py:66
2025-06-02 13:39:30,385 - INFO - save_on_base_reward_callback.py:_on_step - : Saving new best model to ./logs/CartPole-v0_dqn\best_model.zip in C:\Development\Python\AI\ReinforcementLearning\PyData2025-Presentation\demos\pendulum\src\main\rl_algorithms\train_evaluate_test\save_on_base_reward_callback.py:66
2025-06-02 13:39:30,782 - INFO - save_on_base_reward_callback.py:_on_step - : Saving new best model to ./logs/CartPole-v0_dqn\best_model.zip in C:\Development\Python\AI\ReinforcementLearning\PyData2025-Presentation\demos\pendulum\src\main\rl_algorithms\train_evaluate_test\save_on_base_reward_callback.py:66
2025-06-02 13:39:31,179 - INFO - save_on_base_reward_callback.py:_on_step - : Saving new best model to ./logs/CartPole-v0_dqn\best_model.zip in C:\Development\Python\AI\ReinforcementLearning\PyData2025-Presentation\demos\pendulum\src\main\rl_algorithms\train_evaluate_test\save_on_base_reward_callback.py:66
2025-06-02 13:39:32,325 - INFO - save_on_base_reward_callback.py:_on_step - : Saving new best model to ./logs/CartPole-v0_dqn\best_model.zip in C:\Development\Python\AI\ReinforcementLearning\PyData2025-Presentation\demos\pendulum\src\main\rl_algorithms\train_evaluate_test\save_on_base_reward_callback.py:66
2025-06-02 13:39:32,738 - INFO - save_on_base_reward_callback.py:_on_step - : Saving new best model to ./logs/CartPole-v0_dqn\best_model.zip in C:\Development\Python\AI\ReinforcementLearning\PyData2025-Presentation\demos\pendulum\src\main\rl_algorithms\train_evaluate_test\save_on_base_reward_callback.py:66
2025-06-02 13:39:33,140 - INFO - save_on_base_reward_callback.py:_on_step - : Saving new best model to ./logs/CartPole-v0_dqn\best_model.zip in C:\Development\Python\AI\ReinforcementLearning\PyData2025-Presentation\demos\pendulum\src\main\rl_algorithms\train_evaluate_test\save_on_base_reward_callback.py:66
2025-06-02 13:39:33,733 - INFO - save_on_base_reward_callback.py:_on_step - : Saving new best model to ./logs/CartPole-v0_dqn\best_model.zip in C:\Development\Python\AI\ReinforcementLearning\PyData2025-Presentation\demos\pendulum\src\main\rl_algorithms\train_evaluate_test\save_on_base_reward_callback.py:66
2025-06-02 13:39:34,143 - INFO - save_on_base_reward_callback.py:_on_step - : Saving new best model to ./logs/CartPole-v0_dqn\best_model.zip in C:\Development\Python\AI\ReinforcementLearning\PyData2025-Presentation\demos\pendulum\src\main\rl_algorithms\train_evaluate_test\save_on_base_reward_callback.py:66
2025-06-02 13:39:34,568 - INFO - save_on_base_reward_callback.py:_on_step - : Saving new best model to ./logs/CartPole-v0_dqn\best_model.zip in C:\Development\Python\AI\ReinforcementLearning\PyData2025-Presentation\demos\pendulum\src\main\rl_algorithms\train_evaluate_test\save_on_base_reward_callback.py:66
2025-06-02 13:39:35,001 - INFO - save_on_base_reward_callback.py:_on_step - : Saving new best model to ./logs/CartPole-v0_dqn\best_model.zip in C:\Development\Python\AI\ReinforcementLearning\PyData2025-Presentation\demos\pendulum\src\main\rl_algorithms\train_evaluate_test\save_on_base_reward_callback.py:66
2025-06-02 13:39:35,431 - INFO - save_on_base_reward_callback.py:_on_step - : Saving new best model to ./logs/CartPole-v0_dqn\best_model.zip in C:\Development\Python\AI\ReinforcementLearning\PyData2025-Presentation\demos\pendulum\src\main\rl_algorithms\train_evaluate_test\save_on_base_reward_callback.py:66
2025-06-02 13:39:35,866 - INFO - save_on_base_reward_callback.py:_on_step - : Saving new best model to ./logs/CartPole-v0_dqn\best_model.zip in C:\Development\Python\AI\ReinforcementLearning\PyData2025-Presentation\demos\pendulum\src\main\rl_algorithms\train_evaluate_test\save_on_base_reward_callback.py:66
2025-06-02 13:39:36,288 - INFO - save_on_base_reward_callback.py:_on_step - : Saving new best model to ./logs/CartPole-v0_dqn\best_model.zip in C:\Development\Python\AI\ReinforcementLearning\PyData2025-Presentation\demos\pendulum\src\main\rl_algorithms\train_evaluate_test\save_on_base_reward_callback.py:66
2025-06-02 13:39:36,714 - INFO - save_on_base_reward_callback.py:_on_step - : Saving new best model to ./logs/CartPole-v0_dqn\best_model.zip in C:\Development\Python\AI\ReinforcementLearning\PyData2025-Presentation\demos\pendulum\src\main\rl_algorithms\train_evaluate_test\save_on_base_reward_callback.py:66
2025-06-02 13:39:37,144 - INFO - save_on_base_reward_callback.py:_on_step - : Saving new best model to ./logs/CartPole-v0_dqn\best_model.zip in C:\Development\Python\AI\ReinforcementLearning\PyData2025-Presentation\demos\pendulum\src\main\rl_algorithms\train_evaluate_test\save_on_base_reward_callback.py:66
2025-06-02 13:39:37,562 - INFO - save_on_base_reward_callback.py:_on_step - : Saving new best model to ./logs/CartPole-v0_dqn\best_model.zip in C:\Development\Python\AI\ReinforcementLearning\PyData2025-Presentation\demos\pendulum\src\main\rl_algorithms\train_evaluate_test\save_on_base_reward_callback.py:66
2025-06-02 13:39:38,031 - INFO - save_on_base_reward_callback.py:_on_step - : Saving new best model to ./logs/CartPole-v0_dqn\best_model.zip in C:\Development\Python\AI\ReinforcementLearning\PyData2025-Presentation\demos\pendulum\src\main\rl_algorithms\train_evaluate_test\save_on_base_reward_callback.py:66
2025-06-02 13:39:38,483 - INFO - save_on_base_reward_callback.py:_on_step - : Saving new best model to ./logs/CartPole-v0_dqn\best_model.zip in C:\Development\Python\AI\ReinforcementLearning\PyData2025-Presentation\demos\pendulum\src\main\rl_algorithms\train_evaluate_test\save_on_base_reward_callback.py:66
2025-06-02 13:39:38,884 - INFO - save_on_base_reward_callback.py:_on_step - : Saving new best model to ./logs/CartPole-v0_dqn\best_model.zip in C:\Development\Python\AI\ReinforcementLearning\PyData2025-Presentation\demos\pendulum\src\main\rl_algorithms\train_evaluate_test\save_on_base_reward_callback.py:66
2025-06-02 13:39:39,288 - INFO - save_on_base_reward_callback.py:_on_step - : Saving new best model to ./logs/CartPole-v0_dqn\best_model.zip in C:\Development\Python\AI\ReinforcementLearning\PyData2025-Presentation\demos\pendulum\src\main\rl_algorithms\train_evaluate_test\save_on_base_reward_callback.py:66
2025-06-02 13:39:39,706 - INFO - save_on_base_reward_callback.py:_on_step - : Saving new best model to ./logs/CartPole-v0_dqn\best_model.zip in C:\Development\Python\AI\ReinforcementLearning\PyData2025-Presentation\demos\pendulum\src\main\rl_algorithms\train_evaluate_test\save_on_base_reward_callback.py:66
2025-06-02 13:39:40,128 - INFO - save_on_base_reward_callback.py:_on_step - : Saving new best model to ./logs/CartPole-v0_dqn\best_model.zip in C:\Development\Python\AI\ReinforcementLearning\PyData2025-Presentation\demos\pendulum\src\main\rl_algorithms\train_evaluate_test\save_on_base_reward_callback.py:66
2025-06-02 13:39:40,543 - INFO - save_on_base_reward_callback.py:_on_step - : Saving new best model to ./logs/CartPole-v0_dqn\best_model.zip in C:\Development\Python\AI\ReinforcementLearning\PyData2025-Presentation\demos\pendulum\src\main\rl_algorithms\train_evaluate_test\save_on_base_reward_callback.py:66
