2025-05-31 19:04:03,453 - INFO - q_learning_agent.py:__init__ - : Frozen Lake environment creation.. in C:\Development\Python\AI\ReinforcementLearning\PyData2025-Presentation\demos\frozen-lake\src\main\rl_agents\q_learning_agent.py:50
2025-05-31 19:04:03,453 - INFO - q_learning_agent.py:__init__ - : Observation space: 16 in C:\Development\Python\AI\ReinforcementLearning\PyData2025-Presentation\demos\frozen-lake\src\main\rl_agents\q_learning_agent.py:51
2025-05-31 19:04:03,454 - INFO - q_learning_agent.py:__init__ - : Action space: 4 in C:\Development\Python\AI\ReinforcementLearning\PyData2025-Presentation\demos\frozen-lake\src\main\rl_agents\q_learning_agent.py:52
2025-05-31 19:04:03,460 - INFO - q_learning_agent.py:__init__ - : Q-learning hyperparameters are:
                  
alpha: (0.1,)
                  
epsilon: (1.0,)
                  
epsilon_decay: (0.995,)
                  
min_epsilon: 0.01
 in C:\Development\Python\AI\ReinforcementLearning\PyData2025-Presentation\demos\frozen-lake\src\main\rl_agents\q_learning_agent.py:53
2025-05-31 19:04:31,636 - INFO - q_learning_agent.py:__init__ - : Frozen Lake environment creation.. in C:\Development\Python\AI\ReinforcementLearning\PyData2025-Presentation\demos\frozen-lake\src\main\rl_agents\q_learning_agent.py:50
2025-05-31 19:04:31,637 - INFO - q_learning_agent.py:__init__ - : Observation space: 16 in C:\Development\Python\AI\ReinforcementLearning\PyData2025-Presentation\demos\frozen-lake\src\main\rl_agents\q_learning_agent.py:51
2025-05-31 19:04:31,637 - INFO - q_learning_agent.py:__init__ - : Action space: 4 in C:\Development\Python\AI\ReinforcementLearning\PyData2025-Presentation\demos\frozen-lake\src\main\rl_agents\q_learning_agent.py:52
2025-05-31 19:04:31,637 - INFO - q_learning_agent.py:__init__ - : Q-learning hyperparameters are:
                  
alpha: (0.1,)
                  
epsilon: (1.0,)
                  
epsilon_decay: (0.995,)
                  
min_epsilon: 0.01
 in C:\Development\Python\AI\ReinforcementLearning\PyData2025-Presentation\demos\frozen-lake\src\main\rl_agents\q_learning_agent.py:53
2025-05-31 19:04:47,539 - INFO - q_learning_agent.py:__init__ - : Frozen Lake environment creation.. in C:\Development\Python\AI\ReinforcementLearning\PyData2025-Presentation\demos\frozen-lake\src\main\rl_agents\q_learning_agent.py:50
2025-05-31 19:04:47,539 - INFO - q_learning_agent.py:__init__ - : Observation space: 16 in C:\Development\Python\AI\ReinforcementLearning\PyData2025-Presentation\demos\frozen-lake\src\main\rl_agents\q_learning_agent.py:51
2025-05-31 19:04:47,543 - INFO - q_learning_agent.py:__init__ - : Action space: 4 in C:\Development\Python\AI\ReinforcementLearning\PyData2025-Presentation\demos\frozen-lake\src\main\rl_agents\q_learning_agent.py:52
2025-05-31 19:04:47,543 - INFO - q_learning_agent.py:__init__ - : Q-learning hyperparameters are:
                  
alpha: (0.1,)
                  
epsilon: (1.0,)
                  
epsilon_decay: (0.995,)
                  
min_epsilon: 0.01
 in C:\Development\Python\AI\ReinforcementLearning\PyData2025-Presentation\demos\frozen-lake\src\main\rl_agents\q_learning_agent.py:53
2025-05-31 19:09:01,128 - INFO - q_learning_agent.py:__init__ - : Frozen Lake environment creation.. in C:\Development\Python\AI\ReinforcementLearning\PyData2025-Presentation\demos\frozen-lake\src\main\rl_agents\q_learning_agent.py:50
2025-05-31 19:09:01,128 - INFO - q_learning_agent.py:__init__ - : Observation space: 16 in C:\Development\Python\AI\ReinforcementLearning\PyData2025-Presentation\demos\frozen-lake\src\main\rl_agents\q_learning_agent.py:51
2025-05-31 19:09:01,128 - INFO - q_learning_agent.py:__init__ - : Action space: 4 in C:\Development\Python\AI\ReinforcementLearning\PyData2025-Presentation\demos\frozen-lake\src\main\rl_agents\q_learning_agent.py:52
2025-05-31 19:09:01,129 - INFO - q_learning_agent.py:__init__ - : Q-learning hyperparameters are:
                  
alpha: (0.1,)
                  
epsilon: (1.0,)
                  
epsilon_decay: (0.995,)
                  
min_epsilon: 0.01
 in C:\Development\Python\AI\ReinforcementLearning\PyData2025-Presentation\demos\frozen-lake\src\main\rl_agents\q_learning_agent.py:53
2025-05-31 19:10:57,140 - INFO - q_learning_agent.py:__init__ - : Frozen Lake environment creation.. in C:\Development\Python\AI\ReinforcementLearning\PyData2025-Presentation\demos\frozen-lake\src\main\rl_agents\q_learning_agent.py:50
2025-05-31 19:10:57,146 - INFO - q_learning_agent.py:__init__ - : Observation space: 16 in C:\Development\Python\AI\ReinforcementLearning\PyData2025-Presentation\demos\frozen-lake\src\main\rl_agents\q_learning_agent.py:51
2025-05-31 19:10:57,146 - INFO - q_learning_agent.py:__init__ - : Action space: 4 in C:\Development\Python\AI\ReinforcementLearning\PyData2025-Presentation\demos\frozen-lake\src\main\rl_agents\q_learning_agent.py:52
2025-05-31 19:10:57,154 - INFO - q_learning_agent.py:__init__ - : Q-learning hyperparameters are:
                  
alpha: (0.1,)
                  
epsilon: (1.0,)
                  
epsilon_decay: (0.995,)
                  
min_epsilon: 0.01
 in C:\Development\Python\AI\ReinforcementLearning\PyData2025-Presentation\demos\frozen-lake\src\main\rl_agents\q_learning_agent.py:53
2025-05-31 19:14:17,718 - INFO - q_learning_agent.py:__init__ - : Frozen Lake environment creation.. in C:\Development\Python\AI\ReinforcementLearning\PyData2025-Presentation\demos\frozen-lake\src\main\rl_agents\q_learning_agent.py:50
2025-05-31 19:14:17,719 - INFO - q_learning_agent.py:__init__ - : Observation space: 16 in C:\Development\Python\AI\ReinforcementLearning\PyData2025-Presentation\demos\frozen-lake\src\main\rl_agents\q_learning_agent.py:51
2025-05-31 19:14:17,719 - INFO - q_learning_agent.py:__init__ - : Action space: 4 in C:\Development\Python\AI\ReinforcementLearning\PyData2025-Presentation\demos\frozen-lake\src\main\rl_agents\q_learning_agent.py:52
2025-05-31 19:14:17,720 - INFO - q_learning_agent.py:__init__ - : Q-learning hyperparameters are:
                  
alpha: 0.1
                  
epsilon: 1.0
                  
epsilon_decay: 0.995
                  
min_epsilon: 0.01
 in C:\Development\Python\AI\ReinforcementLearning\PyData2025-Presentation\demos\frozen-lake\src\main\rl_agents\q_learning_agent.py:53
2025-05-31 19:15:40,552 - INFO - q_learning_agent.py:__init__ - : Frozen Lake environment creation.. in C:\Development\Python\AI\ReinforcementLearning\PyData2025-Presentation\demos\frozen-lake\src\main\rl_agents\q_learning_agent.py:50
2025-05-31 19:15:40,553 - INFO - q_learning_agent.py:__init__ - : Observation space: 16 in C:\Development\Python\AI\ReinforcementLearning\PyData2025-Presentation\demos\frozen-lake\src\main\rl_agents\q_learning_agent.py:51
2025-05-31 19:15:40,554 - INFO - q_learning_agent.py:__init__ - : Action space: 4 in C:\Development\Python\AI\ReinforcementLearning\PyData2025-Presentation\demos\frozen-lake\src\main\rl_agents\q_learning_agent.py:52
2025-05-31 19:15:40,555 - INFO - q_learning_agent.py:__init__ - : Q-learning hyperparameters are:
                  
alpha: 0.1
                  
epsilon: 1.0
                  
epsilon_decay: 0.995
                  
min_epsilon: 0.01
 in C:\Development\Python\AI\ReinforcementLearning\PyData2025-Presentation\demos\frozen-lake\src\main\rl_agents\q_learning_agent.py:53
2025-05-31 20:33:08,474 - INFO - q_learning_agent.py:__init__ - : Frozen Lake environment creation.. in C:\Development\Python\AI\ReinforcementLearning\PyData2025-Presentation\demos\frozen-lake\src\main\rl_agents\q_learning_agent.py:51
2025-05-31 20:33:08,474 - INFO - q_learning_agent.py:__init__ - : Observation space: 16 in C:\Development\Python\AI\ReinforcementLearning\PyData2025-Presentation\demos\frozen-lake\src\main\rl_agents\q_learning_agent.py:52
2025-05-31 20:33:08,475 - INFO - q_learning_agent.py:__init__ - : Action space: 4 in C:\Development\Python\AI\ReinforcementLearning\PyData2025-Presentation\demos\frozen-lake\src\main\rl_agents\q_learning_agent.py:53
2025-05-31 20:33:08,475 - INFO - q_learning_agent.py:__init__ - : RL hyperparameters are:
                  
alpha: 0.1
                  
epsilon: 1.0
                  
epsilon_decay: 0.995
                  
min_epsilon: 0.01
 in C:\Development\Python\AI\ReinforcementLearning\PyData2025-Presentation\demos\frozen-lake\src\main\rl_agents\q_learning_agent.py:54
2025-05-31 20:33:41,932 - INFO - q_learning_agent.py:__init__ - : Frozen Lake environment creation.. in C:\Development\Python\AI\ReinforcementLearning\PyData2025-Presentation\demos\frozen-lake\src\main\rl_agents\q_learning_agent.py:51
2025-05-31 20:33:41,933 - INFO - q_learning_agent.py:__init__ - : Observation space: 16 in C:\Development\Python\AI\ReinforcementLearning\PyData2025-Presentation\demos\frozen-lake\src\main\rl_agents\q_learning_agent.py:52
2025-05-31 20:33:41,933 - INFO - q_learning_agent.py:__init__ - : Action space: 4 in C:\Development\Python\AI\ReinforcementLearning\PyData2025-Presentation\demos\frozen-lake\src\main\rl_agents\q_learning_agent.py:53
2025-05-31 20:33:41,933 - INFO - q_learning_agent.py:__init__ - : RL hyperparameters are:
                  
alpha: 0.1
                  
epsilon: 1.0
                  
epsilon_decay: 0.995
                  
min_epsilon: 0.01
 in C:\Development\Python\AI\ReinforcementLearning\PyData2025-Presentation\demos\frozen-lake\src\main\rl_agents\q_learning_agent.py:54
2025-05-31 20:34:20,437 - INFO - q_learning_agent.py:__init__ - : Frozen Lake environment creation.. in C:\Development\Python\AI\ReinforcementLearning\PyData2025-Presentation\demos\frozen-lake\src\main\rl_agents\q_learning_agent.py:51
2025-05-31 20:34:20,437 - INFO - q_learning_agent.py:__init__ - : Observation space: 16 in C:\Development\Python\AI\ReinforcementLearning\PyData2025-Presentation\demos\frozen-lake\src\main\rl_agents\q_learning_agent.py:52
2025-05-31 20:34:20,438 - INFO - q_learning_agent.py:__init__ - : Action space: 4 in C:\Development\Python\AI\ReinforcementLearning\PyData2025-Presentation\demos\frozen-lake\src\main\rl_agents\q_learning_agent.py:53
2025-05-31 20:34:20,438 - INFO - q_learning_agent.py:__init__ - : RL hyperparameters are:
                  
alpha: 0.1
                  
epsilon: 1.0
                  
epsilon_decay: 0.995
                  
min_epsilon: 0.01
 in C:\Development\Python\AI\ReinforcementLearning\PyData2025-Presentation\demos\frozen-lake\src\main\rl_agents\q_learning_agent.py:54
2025-05-31 20:38:04,264 - INFO - q_learning_agent.py:__init__ - : Frozen Lake environment creation.. in C:\Development\Python\AI\ReinforcementLearning\PyData2025-Presentation\demos\frozen-lake\src\main\rl_agents\q_learning_agent.py:51
2025-05-31 20:38:04,264 - INFO - q_learning_agent.py:__init__ - : Observation space: 16 in C:\Development\Python\AI\ReinforcementLearning\PyData2025-Presentation\demos\frozen-lake\src\main\rl_agents\q_learning_agent.py:52
2025-05-31 20:38:04,264 - INFO - q_learning_agent.py:__init__ - : Action space: 4 in C:\Development\Python\AI\ReinforcementLearning\PyData2025-Presentation\demos\frozen-lake\src\main\rl_agents\q_learning_agent.py:53
2025-05-31 20:38:04,265 - INFO - q_learning_agent.py:__init__ - : RL hyperparameters are:
                  
alpha: 0.1
                  
epsilon: 1.0
                  
epsilon_decay: 0.995
                  
min_epsilon: 0.01
 in C:\Development\Python\AI\ReinforcementLearning\PyData2025-Presentation\demos\frozen-lake\src\main\rl_agents\q_learning_agent.py:54
2025-05-31 20:38:57,236 - INFO - q_learning_agent.py:__init__ - : Frozen Lake environment creation.. in C:\Development\Python\AI\ReinforcementLearning\PyData2025-Presentation\demos\frozen-lake\src\main\rl_agents\q_learning_agent.py:51
2025-05-31 20:38:57,236 - INFO - q_learning_agent.py:__init__ - : Observation space: 16 in C:\Development\Python\AI\ReinforcementLearning\PyData2025-Presentation\demos\frozen-lake\src\main\rl_agents\q_learning_agent.py:52
2025-05-31 20:38:57,236 - INFO - q_learning_agent.py:__init__ - : Action space: 4 in C:\Development\Python\AI\ReinforcementLearning\PyData2025-Presentation\demos\frozen-lake\src\main\rl_agents\q_learning_agent.py:53
2025-05-31 20:38:57,237 - INFO - q_learning_agent.py:__init__ - : RL hyperparameters are:
                  
alpha: 0.1
                  
epsilon: 1.0
                  
epsilon_decay: 0.995
                  
min_epsilon: 0.01
 in C:\Development\Python\AI\ReinforcementLearning\PyData2025-Presentation\demos\frozen-lake\src\main\rl_agents\q_learning_agent.py:54
2025-05-31 20:39:12,936 - INFO - q_learning_agent.py:__init__ - : Frozen Lake environment creation.. in C:\Development\Python\AI\ReinforcementLearning\PyData2025-Presentation\demos\frozen-lake\src\main\rl_agents\q_learning_agent.py:51
2025-05-31 20:39:12,936 - INFO - q_learning_agent.py:__init__ - : Observation space: 16 in C:\Development\Python\AI\ReinforcementLearning\PyData2025-Presentation\demos\frozen-lake\src\main\rl_agents\q_learning_agent.py:52
2025-05-31 20:39:12,936 - INFO - q_learning_agent.py:__init__ - : Action space: 4 in C:\Development\Python\AI\ReinforcementLearning\PyData2025-Presentation\demos\frozen-lake\src\main\rl_agents\q_learning_agent.py:53
2025-05-31 20:39:12,937 - INFO - q_learning_agent.py:__init__ - : RL hyperparameters are:
                  
alpha: 0.1
                  
epsilon: 1.0
                  
epsilon_decay: 0.995
                  
min_epsilon: 0.01
 in C:\Development\Python\AI\ReinforcementLearning\PyData2025-Presentation\demos\frozen-lake\src\main\rl_agents\q_learning_agent.py:54
2025-05-31 20:39:29,064 - INFO - q_learning_agent.py:__init__ - : Frozen Lake environment creation.. in C:\Development\Python\AI\ReinforcementLearning\PyData2025-Presentation\demos\frozen-lake\src\main\rl_agents\q_learning_agent.py:51
2025-05-31 20:39:29,065 - INFO - q_learning_agent.py:__init__ - : Observation space: 16 in C:\Development\Python\AI\ReinforcementLearning\PyData2025-Presentation\demos\frozen-lake\src\main\rl_agents\q_learning_agent.py:52
2025-05-31 20:39:29,065 - INFO - q_learning_agent.py:__init__ - : Action space: 4 in C:\Development\Python\AI\ReinforcementLearning\PyData2025-Presentation\demos\frozen-lake\src\main\rl_agents\q_learning_agent.py:53
2025-05-31 20:39:29,065 - INFO - q_learning_agent.py:__init__ - : RL hyperparameters are:
                  
alpha: 0.1
                  
epsilon: 1.0
                  
epsilon_decay: 0.995
                  
min_epsilon: 0.01
 in C:\Development\Python\AI\ReinforcementLearning\PyData2025-Presentation\demos\frozen-lake\src\main\rl_agents\q_learning_agent.py:54
2025-05-31 20:39:57,561 - INFO - q_learning_agent.py:__init__ - : Frozen Lake environment creation.. in C:\Development\Python\AI\ReinforcementLearning\PyData2025-Presentation\demos\frozen-lake\src\main\rl_agents\q_learning_agent.py:51
2025-05-31 20:39:57,563 - INFO - q_learning_agent.py:__init__ - : Observation space: 16 in C:\Development\Python\AI\ReinforcementLearning\PyData2025-Presentation\demos\frozen-lake\src\main\rl_agents\q_learning_agent.py:52
2025-05-31 20:39:57,563 - INFO - q_learning_agent.py:__init__ - : Action space: 4 in C:\Development\Python\AI\ReinforcementLearning\PyData2025-Presentation\demos\frozen-lake\src\main\rl_agents\q_learning_agent.py:53
2025-05-31 20:39:57,563 - INFO - q_learning_agent.py:__init__ - : RL hyperparameters are:
                  
alpha: 0.1
                  
epsilon: 1.0
                  
epsilon_decay: 0.995
                  
min_epsilon: 0.01
 in C:\Development\Python\AI\ReinforcementLearning\PyData2025-Presentation\demos\frozen-lake\src\main\rl_agents\q_learning_agent.py:54
